<?xml version="1.0" encoding="UTF-8"?>
<testng-results skipped="0" failed="0" total="5" passed="5">
  <reporter-output>
  </reporter-output>
  <suite name="Ch-039 by packages" duration-ms="22526" started-at="2016-05-25T13:04:24Z" finished-at="2016-05-25T13:04:46Z">
    <groups>
    </groups>
    <test name="com.hospitalseeker.security" duration-ms="22526" started-at="2016-05-25T13:04:24Z" finished-at="2016-05-25T13:04:46Z">
      <class name="com.hospitalseeker.security.TestSpringSecurity">
        <test-method status="PASS" signature="suiteSetUp()[pri:0, instance:com.hospitalseeker.security.TestSpringSecurity@47a7c93e]" name="suiteSetUp" is-config="true" duration-ms="60" started-at="2016-05-25T16:04:24Z" finished-at="2016-05-25T16:04:24Z">
          <reporter-output>
          </reporter-output>
        </test-method> <!-- suiteSetUp -->
        <test-method status="PASS" signature="springTestContextBeforeTestClass()[pri:0, instance:com.hospitalseeker.security.TestSpringSecurity@47a7c93e]" name="springTestContextBeforeTestClass" is-config="true" duration-ms="14" started-at="2016-05-25T16:04:24Z" finished-at="2016-05-25T16:04:24Z">
          <reporter-output>
          </reporter-output>
        </test-method> <!-- springTestContextBeforeTestClass -->
        <test-method status="PASS" signature="springTestContextPrepareTestInstance()[pri:0, instance:com.hospitalseeker.security.TestSpringSecurity@47a7c93e]" name="springTestContextPrepareTestInstance" is-config="true" duration-ms="19873" started-at="2016-05-25T16:04:24Z" depends-on-methods="org.springframework.test.context.testng.AbstractTestNGSpringContextTests.springTestContextBeforeTestClass" finished-at="2016-05-25T16:04:44Z">
          <reporter-output>
          </reporter-output>
        </test-method> <!-- springTestContextPrepareTestInstance -->
        <test-method status="PASS" signature="springTestContextBeforeTestMethod(java.lang.reflect.Method)[pri:0, instance:com.hospitalseeker.security.TestSpringSecurity@47a7c93e]" name="springTestContextBeforeTestMethod" is-config="true" duration-ms="5" started-at="2016-05-25T16:04:44Z" finished-at="2016-05-25T16:04:44Z">
          <params>
            <param index="0">
              <value>
                <![CDATA[public void com.hospitalseeker.security.TestSpringSecurity.requestDepartmentListPageByHospitalId() throws java.lang.Exception]]>
              </value>
            </param>
          </params>
          <reporter-output>
          </reporter-output>
        </test-method> <!-- springTestContextBeforeTestMethod -->
        <test-method status="PASS" signature="setUp()[pri:0, instance:com.hospitalseeker.security.TestSpringSecurity@47a7c93e]" name="setUp" is-config="true" duration-ms="192" started-at="2016-05-25T16:04:44Z" finished-at="2016-05-25T16:04:44Z">
          <reporter-output>
          </reporter-output>
        </test-method> <!-- setUp -->
        <test-method status="PASS" signature="requestDepartmentListPageByHospitalId()[pri:0, instance:com.hospitalseeker.security.TestSpringSecurity@47a7c93e]" name="requestDepartmentListPageByHospitalId" duration-ms="113" started-at="2016-05-25T16:04:44Z" finished-at="2016-05-25T16:04:44Z">
          <reporter-output>
          </reporter-output>
        </test-method> <!-- requestDepartmentListPageByHospitalId -->
        <test-method status="PASS" signature="tearDown()[pri:0, instance:com.hospitalseeker.security.TestSpringSecurity@47a7c93e]" name="tearDown" is-config="true" duration-ms="0" started-at="2016-05-25T16:04:44Z" finished-at="2016-05-25T16:04:44Z">
          <reporter-output>
          </reporter-output>
        </test-method> <!-- tearDown -->
        <test-method status="PASS" signature="springTestContextAfterTestMethod(java.lang.reflect.Method)[pri:0, instance:com.hospitalseeker.security.TestSpringSecurity@47a7c93e]" name="springTestContextAfterTestMethod" is-config="true" duration-ms="1" started-at="2016-05-25T16:04:44Z" finished-at="2016-05-25T16:04:44Z">
          <params>
            <param index="0">
              <value>
                <![CDATA[public void com.hospitalseeker.security.TestSpringSecurity.requestDepartmentListPageByHospitalId() throws java.lang.Exception]]>
              </value>
            </param>
          </params>
          <reporter-output>
          </reporter-output>
        </test-method> <!-- springTestContextAfterTestMethod -->
        <test-method status="PASS" signature="springTestContextBeforeTestMethod(java.lang.reflect.Method)[pri:0, instance:com.hospitalseeker.security.TestSpringSecurity@47a7c93e]" name="springTestContextBeforeTestMethod" is-config="true" duration-ms="8" started-at="2016-05-25T16:04:44Z" finished-at="2016-05-25T16:04:44Z">
          <params>
            <param index="0">
              <value>
                <![CDATA[public void com.hospitalseeker.security.TestSpringSecurity.requestHospitalListPage() throws java.lang.Exception]]>
              </value>
            </param>
          </params>
          <reporter-output>
          </reporter-output>
        </test-method> <!-- springTestContextBeforeTestMethod -->
        <test-method status="PASS" signature="setUp()[pri:0, instance:com.hospitalseeker.security.TestSpringSecurity@47a7c93e]" name="setUp" is-config="true" duration-ms="5" started-at="2016-05-25T16:04:44Z" finished-at="2016-05-25T16:04:44Z">
          <reporter-output>
          </reporter-output>
        </test-method> <!-- setUp -->
        <test-method status="PASS" signature="requestHospitalListPage()[pri:0, instance:com.hospitalseeker.security.TestSpringSecurity@47a7c93e]" name="requestHospitalListPage" duration-ms="1897" started-at="2016-05-25T16:04:44Z" finished-at="2016-05-25T16:04:46Z">
          <reporter-output>
          </reporter-output>
        </test-method> <!-- requestHospitalListPage -->
        <test-method status="PASS" signature="tearDown()[pri:0, instance:com.hospitalseeker.security.TestSpringSecurity@47a7c93e]" name="tearDown" is-config="true" duration-ms="0" started-at="2016-05-25T16:04:46Z" finished-at="2016-05-25T16:04:46Z">
          <reporter-output>
          </reporter-output>
        </test-method> <!-- tearDown -->
        <test-method status="PASS" signature="springTestContextAfterTestMethod(java.lang.reflect.Method)[pri:0, instance:com.hospitalseeker.security.TestSpringSecurity@47a7c93e]" name="springTestContextAfterTestMethod" is-config="true" duration-ms="2" started-at="2016-05-25T16:04:46Z" finished-at="2016-05-25T16:04:46Z">
          <params>
            <param index="0">
              <value>
                <![CDATA[public void com.hospitalseeker.security.TestSpringSecurity.requestHospitalListPage() throws java.lang.Exception]]>
              </value>
            </param>
          </params>
          <reporter-output>
          </reporter-output>
        </test-method> <!-- springTestContextAfterTestMethod -->
        <test-method status="PASS" signature="springTestContextBeforeTestMethod(java.lang.reflect.Method)[pri:0, instance:com.hospitalseeker.security.TestSpringSecurity@47a7c93e]" name="springTestContextBeforeTestMethod" is-config="true" duration-ms="8" started-at="2016-05-25T16:04:46Z" finished-at="2016-05-25T16:04:46Z">
          <params>
            <param index="0">
              <value>
                <![CDATA[public void com.hospitalseeker.security.TestSpringSecurity.requestProtectedFeedbackWithUserAndCsrfToken() throws java.lang.Exception]]>
              </value>
            </param>
          </params>
          <reporter-output>
          </reporter-output>
        </test-method> <!-- springTestContextBeforeTestMethod -->
        <test-method status="PASS" signature="setUp()[pri:0, instance:com.hospitalseeker.security.TestSpringSecurity@47a7c93e]" name="setUp" is-config="true" duration-ms="7" started-at="2016-05-25T16:04:46Z" finished-at="2016-05-25T16:04:46Z">
          <reporter-output>
          </reporter-output>
        </test-method> <!-- setUp -->
        <test-method status="PASS" signature="requestProtectedFeedbackWithUserAndCsrfToken()[pri:0, instance:com.hospitalseeker.security.TestSpringSecurity@47a7c93e]" name="requestProtectedFeedbackWithUserAndCsrfToken" duration-ms="155" started-at="2016-05-25T16:04:46Z" finished-at="2016-05-25T16:04:46Z">
          <reporter-output>
          </reporter-output>
        </test-method> <!-- requestProtectedFeedbackWithUserAndCsrfToken -->
        <test-method status="PASS" signature="springTestContextAfterTestMethod(java.lang.reflect.Method)[pri:0, instance:com.hospitalseeker.security.TestSpringSecurity@47a7c93e]" name="springTestContextAfterTestMethod" is-config="true" duration-ms="10" started-at="2016-05-25T16:04:46Z" finished-at="2016-05-25T16:04:46Z">
          <params>
            <param index="0">
              <value>
                <![CDATA[public void com.hospitalseeker.security.TestSpringSecurity.requestProtectedFeedbackWithUserAndCsrfToken() throws java.lang.Exception]]>
              </value>
            </param>
          </params>
          <reporter-output>
          </reporter-output>
        </test-method> <!-- springTestContextAfterTestMethod -->
        <test-method status="PASS" signature="tearDown()[pri:0, instance:com.hospitalseeker.security.TestSpringSecurity@47a7c93e]" name="tearDown" is-config="true" duration-ms="0" started-at="2016-05-25T16:04:46Z" finished-at="2016-05-25T16:04:46Z">
          <reporter-output>
          </reporter-output>
        </test-method> <!-- tearDown -->
        <test-method status="PASS" signature="springTestContextBeforeTestMethod(java.lang.reflect.Method)[pri:0, instance:com.hospitalseeker.security.TestSpringSecurity@47a7c93e]" name="springTestContextBeforeTestMethod" is-config="true" duration-ms="7" started-at="2016-05-25T16:04:46Z" finished-at="2016-05-25T16:04:46Z">
          <params>
            <param index="0">
              <value>
                <![CDATA[public void com.hospitalseeker.security.TestSpringSecurity.requestProtectedUrlWithAdmin() throws java.lang.Exception]]>
              </value>
            </param>
          </params>
          <reporter-output>
          </reporter-output>
        </test-method> <!-- springTestContextBeforeTestMethod -->
        <test-method status="PASS" signature="setUp()[pri:0, instance:com.hospitalseeker.security.TestSpringSecurity@47a7c93e]" name="setUp" is-config="true" duration-ms="17" started-at="2016-05-25T16:04:46Z" finished-at="2016-05-25T16:04:46Z">
          <reporter-output>
          </reporter-output>
        </test-method> <!-- setUp -->
        <test-method status="PASS" signature="requestProtectedUrlWithAdmin()[pri:0, instance:com.hospitalseeker.security.TestSpringSecurity@47a7c93e]" name="requestProtectedUrlWithAdmin" duration-ms="20" started-at="2016-05-25T16:04:46Z" finished-at="2016-05-25T16:04:46Z">
          <reporter-output>
          </reporter-output>
        </test-method> <!-- requestProtectedUrlWithAdmin -->
        <test-method status="PASS" signature="tearDown()[pri:0, instance:com.hospitalseeker.security.TestSpringSecurity@47a7c93e]" name="tearDown" is-config="true" duration-ms="0" started-at="2016-05-25T16:04:46Z" finished-at="2016-05-25T16:04:46Z">
          <reporter-output>
          </reporter-output>
        </test-method> <!-- tearDown -->
        <test-method status="PASS" signature="springTestContextAfterTestMethod(java.lang.reflect.Method)[pri:0, instance:com.hospitalseeker.security.TestSpringSecurity@47a7c93e]" name="springTestContextAfterTestMethod" is-config="true" duration-ms="1" started-at="2016-05-25T16:04:46Z" finished-at="2016-05-25T16:04:46Z">
          <params>
            <param index="0">
              <value>
                <![CDATA[public void com.hospitalseeker.security.TestSpringSecurity.requestProtectedUrlWithAdmin() throws java.lang.Exception]]>
              </value>
            </param>
          </params>
          <reporter-output>
          </reporter-output>
        </test-method> <!-- springTestContextAfterTestMethod -->
        <test-method status="PASS" signature="springTestContextBeforeTestMethod(java.lang.reflect.Method)[pri:0, instance:com.hospitalseeker.security.TestSpringSecurity@47a7c93e]" name="springTestContextBeforeTestMethod" is-config="true" duration-ms="2" started-at="2016-05-25T16:04:46Z" finished-at="2016-05-25T16:04:46Z">
          <params>
            <param index="0">
              <value>
                <![CDATA[public void com.hospitalseeker.security.TestSpringSecurity.requestProtectedUrlWithUser() throws java.lang.Exception]]>
              </value>
            </param>
          </params>
          <reporter-output>
          </reporter-output>
        </test-method> <!-- springTestContextBeforeTestMethod -->
        <test-method status="PASS" signature="setUp()[pri:0, instance:com.hospitalseeker.security.TestSpringSecurity@47a7c93e]" name="setUp" is-config="true" duration-ms="5" started-at="2016-05-25T16:04:46Z" finished-at="2016-05-25T16:04:46Z">
          <reporter-output>
          </reporter-output>
        </test-method> <!-- setUp -->
        <test-method status="PASS" signature="requestProtectedUrlWithUser()[pri:0, instance:com.hospitalseeker.security.TestSpringSecurity@47a7c93e]" name="requestProtectedUrlWithUser" duration-ms="35" started-at="2016-05-25T16:04:46Z" finished-at="2016-05-25T16:04:46Z">
          <reporter-output>
          </reporter-output>
        </test-method> <!-- requestProtectedUrlWithUser -->
        <test-method status="PASS" signature="springTestContextAfterTestMethod(java.lang.reflect.Method)[pri:0, instance:com.hospitalseeker.security.TestSpringSecurity@47a7c93e]" name="springTestContextAfterTestMethod" is-config="true" duration-ms="4" started-at="2016-05-25T16:04:46Z" finished-at="2016-05-25T16:04:46Z">
          <params>
            <param index="0">
              <value>
                <![CDATA[public void com.hospitalseeker.security.TestSpringSecurity.requestProtectedUrlWithUser() throws java.lang.Exception]]>
              </value>
            </param>
          </params>
          <reporter-output>
          </reporter-output>
        </test-method> <!-- springTestContextAfterTestMethod -->
        <test-method status="PASS" signature="tearDown()[pri:0, instance:com.hospitalseeker.security.TestSpringSecurity@47a7c93e]" name="tearDown" is-config="true" duration-ms="0" started-at="2016-05-25T16:04:46Z" finished-at="2016-05-25T16:04:46Z">
          <reporter-output>
          </reporter-output>
        </test-method> <!-- tearDown -->
        <test-method status="PASS" signature="springTestContextAfterTestClass()[pri:0, instance:com.hospitalseeker.security.TestSpringSecurity@47a7c93e]" name="springTestContextAfterTestClass" is-config="true" duration-ms="1" started-at="2016-05-25T16:04:46Z" finished-at="2016-05-25T16:04:46Z">
          <reporter-output>
          </reporter-output>
        </test-method> <!-- springTestContextAfterTestClass -->
        <test-method status="PASS" signature="suiteTearDown()[pri:0, instance:com.hospitalseeker.security.TestSpringSecurity@47a7c93e]" name="suiteTearDown" is-config="true" duration-ms="0" started-at="2016-05-25T16:04:46Z" finished-at="2016-05-25T16:04:46Z">
          <reporter-output>
          </reporter-output>
        </test-method> <!-- suiteTearDown -->
      </class> <!-- com.hospitalseeker.security.TestSpringSecurity -->
    </test> <!-- com.hospitalseeker.security -->
  </suite> <!-- Ch-039 by packages -->
</testng-results>
