<?xml version="1.0" encoding="UTF-8"?>
<!-- Generated by org.testng.reporters.JUnitXMLReporter -->
<testsuite hostname="deplague" name="com.hospitalseeker.security" tests="5" failures="0" timestamp="25 May 2016 13:04:46 GMT" time="22.526" errors="0">
  <testcase name="requestDepartmentListPageByHospitalId" time="0.113" classname="com.hospitalseeker.security.TestSpringSecurity"/>
  <testcase name="requestHospitalListPage" time="1.897" classname="com.hospitalseeker.security.TestSpringSecurity"/>
  <testcase name="requestProtectedFeedbackWithUserAndCsrfToken" time="0.155" classname="com.hospitalseeker.security.TestSpringSecurity"/>
  <testcase name="requestProtectedUrlWithAdmin" time="0.02" classname="com.hospitalseeker.security.TestSpringSecurity"/>
  <testcase name="requestProtectedUrlWithUser" time="0.035" classname="com.hospitalseeker.security.TestSpringSecurity"/>
</testsuite> <!-- com.hospitalseeker.security -->
