<?xml version="1.0" encoding="UTF-8"?>
<!-- Generated by org.testng.reporters.JUnitXMLReporter -->
<testsuite hostname="deplague" name="com.hospitalseeker.service" tests="12" failures="0" timestamp="25 May 2016 13:00:56 GMT" time="25.98" errors="0">
  <testcase name="testDeleteHospitalFromDatabase" time="0.079" classname="com.hospitalseeker.service.TestHospitalService"/>
  <testcase name="testGetAllHospitalsFromDatabase" time="0.005" classname="com.hospitalseeker.service.TestHospitalService"/>
  <testcase name="testSaveNewHospitalToDatabase" time="0.003" classname="com.hospitalseeker.service.TestHospitalService"/>
  <testcase name="testUpdateHospitalInDatabase" time="0.005" classname="com.hospitalseeker.service.TestHospitalService"/>
  <testcase name="testDeleteDepartmentFromDatabase" time="0.015" classname="com.hospitalseeker.service.TestDepartmentService"/>
  <testcase name="testGetAllDepartmentsFromDatabase" time="0.002" classname="com.hospitalseeker.service.TestDepartmentService"/>
  <testcase name="testSaveNewDepartmentToDatabase" time="0.005" classname="com.hospitalseeker.service.TestDepartmentService"/>
  <testcase name="testUpdateDepartmentInDatabase" time="0.009" classname="com.hospitalseeker.service.TestDepartmentService"/>
  <testcase name="testDeleteFeedbackFromDatabase" time="0.007" classname="com.hospitalseeker.service.TestFeedbackService"/>
  <testcase name="testGetAllHospitalFromDatabase" time="0.011" classname="com.hospitalseeker.service.TestFeedbackService"/>
  <testcase name="testSaveNewFeedbackToDatabase" time="0.012" classname="com.hospitalseeker.service.TestFeedbackService"/>
  <testcase name="testUpdateHospitalInDatabase" time="0.003" classname="com.hospitalseeker.service.TestFeedbackService"/>
</testsuite> <!-- com.hospitalseeker.service -->
